# JRE version: OpenJDK Runtime Environment Temurin-17.0.11+9 (17.0.11+9) (build 17.0.11+9)
# Java VM: OpenJDK 64-Bit Server VM Temurin-17.0.11+9 (17.0.11+9, mixed mode, tiered, compressed oops, compressed class ptrs, parallel gc, windows-amd64)
GC Precious Log:
 CPUs: 4 total, 4 available
 Memory: 3784M
 Large Page Support: Disabled
 NUMA Support: Disabled
 Compressed Oops: Enabled (32-bit)
 Alignments: Space 512K, Generation 512K, Heap 2M
 Heap Min Capacity: 100M
 Heap Initial Capacity: 100M
 Heap Max Capacity: 1G
 Pre-touch: Disabled
 Parallel Workers: 4
Heap:
 PSYoungGen      total 23552K, used 19825K [0x00000000eab00000, 0x00000000ec700000, 0x0000000100000000)
  eden space 21504K, 82% used [0x00000000eab00000,0x00000000ebc5f518,0x00000000ec000000)
  from space 2048K, 99% used [0x00000000ec380000,0x00000000ec57d150,0x00000000ec580000)
  to   space 3584K, 0% used [0x00000000ec000000,0x00000000ec000000,0x00000000ec380000)
 ParOldGen       total 89600K, used 62478K [0x00000000c0000000, 0x00000000c5780000, 0x00000000eab00000)
  object space 89600K, 69% used [0x00000000c0000000,0x00000000c3d038f0,0x00000000c5780000)
 Metaspace       used 68722K, committed 69952K, reserved 1114112K
  class space    used 8317K, committed 8896K, reserved 1048576K
GC Heap History (20 events):
Event: 48.285 GC heap before
{Heap before GC invocations=42 (full 3):
 PSYoungGen      total 22528K, used 22528K [0x00000000eab00000, 0x00000000ec380000, 0x0000000100000000)
  eden space 22016K, 100% used [0x00000000eab00000,0x00000000ec080000,0x00000000ec080000)
  from space 512K, 100% used [0x00000000ec300000,0x00000000ec380000,0x00000000ec380000)
  to   space 1536K, 0% used [0x00000000ec080000,0x00000000ec080000,0x00000000ec200000)
 ParOldGen       total 68608K, used 48484K [0x00000000c0000000, 0x00000000c4300000, 0x00000000eab00000)
  object space 68608K, 70% used [0x00000000c0000000,0x00000000c2f592d0,0x00000000c4300000)
 Metaspace       used 66518K, committed 67648K, reserved 1114112K
  class space    used 8051K, committed 8576K, reserved 1048576K
}
Event: 48.301 GC heap after
{Heap after GC invocations=42 (full 3):
 PSYoungGen      total 23552K, used 1536K [0x00000000eab00000, 0x00000000ec880000, 0x0000000100000000)
  eden space 22016K, 0% used [0x00000000eab00000,0x00000000eab00000,0x00000000ec080000)
  from space 1536K, 100% used [0x00000000ec080000,0x00000000ec200000,0x00000000ec200000)
  to   space 4096K, 0% used [0x00000000ec480000,0x00000000ec480000,0x00000000ec880000)
 ParOldGen       total 68608K, used 50312K [0x00000000c0000000, 0x00000000c4300000, 0x00000000eab00000)
  object space 68608K, 73% used [0x00000000c0000000,0x00000000c3122300,0x00000000c4300000)
 Metaspace       used 66518K, committed 67648K, reserved 1114112K
  class space    used 8051K, committed 8576K, reserved 1048576K
}
Event: 51.073 GC heap before
{Heap before GC invocations=43 (full 3):
 PSYoungGen      total 23552K, used 23552K [0x00000000eab00000, 0x00000000ec880000, 0x0000000100000000)
  eden space 22016K, 100% used [0x00000000eab00000,0x00000000ec080000,0x00000000ec080000)
  from space 1536K, 100% used [0x00000000ec080000,0x00000000ec200000,0x00000000ec200000)
  to   space 4096K, 0% used [0x00000000ec480000,0x00000000ec480000,0x00000000ec880000)
 ParOldGen       total 68608K, used 50312K [0x00000000c0000000, 0x00000000c4300000, 0x00000000eab00000)
  object space 68608K, 73% used [0x00000000c0000000,0x00000000c3122300,0x00000000c4300000)
 Metaspace       used 66578K, committed 67712K, reserved 1114112K
  class space    used 8061K, committed 8576K, reserved 1048576K
}
Event: 51.078 GC heap after
{Heap after GC invocations=43 (full 3):
 PSYoungGen      total 25600K, used 3184K [0x00000000eab00000, 0x00000000ec800000, 0x0000000100000000)
  eden space 22016K, 0% used [0x00000000eab00000,0x00000000eab00000,0x00000000ec080000)
  from space 3584K, 88% used [0x00000000ec480000,0x00000000ec79c008,0x00000000ec800000)
  to   space 3584K, 0% used [0x00000000ec100000,0x00000000ec100000,0x00000000ec480000)
 ParOldGen       total 68608K, used 51675K [0x00000000c0000000, 0x00000000c4300000, 0x00000000eab00000)
  object space 68608K, 75% used [0x00000000c0000000,0x00000000c3276f30,0x00000000c4300000)
 Metaspace       used 66578K, committed 67712K, reserved 1114112K
  class space    used 8061K, committed 8576K, reserved 1048576K
}
Event: 55.106 GC heap before
{Heap before GC invocations=44 (full 3):
 PSYoungGen      total 25600K, used 25200K [0x00000000eab00000, 0x00000000ec800000, 0x0000000100000000)
  eden space 22016K, 100% used [0x00000000eab00000,0x00000000ec080000,0x00000000ec080000)
  from space 3584K, 88% used [0x00000000ec480000,0x00000000ec79c008,0x00000000ec800000)
  to   space 3584K, 0% used [0x00000000ec100000,0x00000000ec100000,0x00000000ec480000)
 ParOldGen       total 68608K, used 51675K [0x00000000c0000000, 0x00000000c4300000, 0x00000000eab00000)
  object space 68608K, 75% used [0x00000000c0000000,0x00000000c3276f30,0x00000000c4300000)
 Metaspace       used 66739K, committed 67904K, reserved 1114112K
  class space    used 8063K, committed 8576K, reserved 1048576K
}
Event: 55.115 GC heap after
{Heap after GC invocations=44 (full 3):
 PSYoungGen      total 25088K, used 2902K [0x00000000eab00000, 0x00000000ec680000, 0x0000000100000000)
  eden space 22016K, 0% used [0x00000000eab00000,0x00000000eab00000,0x00000000ec080000)
  from space 3072K, 94% used [0x00000000ec100000,0x00000000ec3d5810,0x00000000ec400000)
  to   space 2560K, 0% used [0x00000000ec400000,0x00000000ec400000,0x00000000ec680000)
 ParOldGen       total 68608K, used 54635K [0x00000000c0000000, 0x00000000c4300000, 0x00000000eab00000)
  object space 68608K, 79% used [0x00000000c0000000,0x00000000c355af38,0x00000000c4300000)
 Metaspace       used 66739K, committed 67904K, reserved 1114112K
  class space    used 8063K, committed 8576K, reserved 1048576K
}
Event: 57.255 GC heap before
{Heap before GC invocations=45 (full 3):
 PSYoungGen      total 25088K, used 24918K [0x00000000eab00000, 0x00000000ec680000, 0x0000000100000000)
  eden space 22016K, 100% used [0x00000000eab00000,0x00000000ec080000,0x00000000ec080000)
  from space 3072K, 94% used [0x00000000ec100000,0x00000000ec3d5810,0x00000000ec400000)
  to   space 2560K, 0% used [0x00000000ec400000,0x00000000ec400000,0x00000000ec680000)
 ParOldGen       total 68608K, used 54635K [0x00000000c0000000, 0x00000000c4300000, 0x00000000eab00000)
  object space 68608K, 79% used [0x00000000c0000000,0x00000000c355af38,0x00000000c4300000)
 Metaspace       used 66816K, committed 67968K, reserved 1114112K
  class space    used 8063K, committed 8576K, reserved 1048576K
}
Event: 57.260 GC heap after
{Heap after GC invocations=45 (full 3):
 PSYoungGen      total 24576K, used 2528K [0x00000000eab00000, 0x00000000ec680000, 0x0000000100000000)
  eden space 22016K, 0% used [0x00000000eab00000,0x00000000eab00000,0x00000000ec080000)
  from space 2560K, 98% used [0x00000000ec400000,0x00000000ec678000,0x00000000ec680000)
  to   space 3072K, 0% used [0x00000000ec080000,0x00000000ec080000,0x00000000ec380000)
 ParOldGen       total 68608K, used 57345K [0x00000000c0000000, 0x00000000c4300000, 0x00000000eab00000)
  object space 68608K, 83% used [0x00000000c0000000,0x00000000c3800748,0x00000000c4300000)
 Metaspace       used 66816K, committed 67968K, reserved 1114112K
  class space    used 8063K, committed 8576K, reserved 1048576K
}
Event: 59.286 GC heap before
{Heap before GC invocations=46 (full 3):
 PSYoungGen      total 24576K, used 24544K [0x00000000eab00000, 0x00000000ec680000, 0x0000000100000000)
  eden space 22016K, 100% used [0x00000000eab00000,0x00000000ec080000,0x00000000ec080000)
  from space 2560K, 98% used [0x00000000ec400000,0x00000000ec678000,0x00000000ec680000)
  to   space 3072K, 0% used [0x00000000ec080000,0x00000000ec080000,0x00000000ec380000)
 ParOldGen       total 68608K, used 57345K [0x00000000c0000000, 0x00000000c4300000, 0x00000000eab00000)
  object space 68608K, 83% used [0x00000000c0000000,0x00000000c3800748,0x00000000c4300000)
 Metaspace       used 67148K, committed 68352K, reserved 1114112K
  class space    used 8107K, committed 8640K, reserved 1048576K
}
Event: 59.293 GC heap after
{Heap after GC invocations=46 (full 3):
 PSYoungGen      total 25088K, used 3062K [0x00000000eab00000, 0x00000000ece80000, 0x0000000100000000)
  eden space 22016K, 0% used [0x00000000eab00000,0x00000000eab00000,0x00000000ec080000)
  from space 3072K, 99% used [0x00000000ec080000,0x00000000ec37da68,0x00000000ec380000)
  to   space 7168K, 0% used [0x00000000ec780000,0x00000000ec780000,0x00000000ece80000)
 ParOldGen       total 68608K, used 60507K [0x00000000c0000000, 0x00000000c4300000, 0x00000000eab00000)
  object space 68608K, 88% used [0x00000000c0000000,0x00000000c3b16e10,0x00000000c4300000)
 Metaspace       used 67148K, committed 68352K, reserved 1114112K
  class space    used 8107K, committed 8640K, reserved 1048576K
}
Event: 60.885 GC heap before
{Heap before GC invocations=47 (full 3):
 PSYoungGen      total 25088K, used 25078K [0x00000000eab00000, 0x00000000ece80000, 0x0000000100000000)
  eden space 22016K, 100% used [0x00000000eab00000,0x00000000ec080000,0x00000000ec080000)
  from space 3072K, 99% used [0x00000000ec080000,0x00000000ec37da68,0x00000000ec380000)
  to   space 7168K, 0% used [0x00000000ec780000,0x00000000ec780000,0x00000000ece80000)
 ParOldGen       total 68608K, used 60507K [0x00000000c0000000, 0x00000000c4300000, 0x00000000eab00000)
  object space 68608K, 88% used [0x00000000c0000000,0x00000000c3b16e10,0x00000000c4300000)
 Metaspace       used 67366K, committed 68480K, reserved 1114112K
  class space    used 8146K, committed 8640K, reserved 1048576K
}
Event: 60.893 GC heap after
{Heap after GC invocations=47 (full 3):
 PSYoungGen      total 26112K, used 3651K [0x00000000eab00000, 0x00000000ecb80000, 0x0000000100000000)
  eden space 22016K, 0% used [0x00000000eab00000,0x00000000eab00000,0x00000000ec080000)
  from space 4096K, 89% used [0x00000000ec780000,0x00000000ecb10c18,0x00000000ecb80000)
  to   space 4608K, 0% used [0x00000000ec280000,0x00000000ec280000,0x00000000ec700000)
 ParOldGen       total 68608K, used 63362K [0x00000000c0000000, 0x00000000c4300000, 0x00000000eab00000)
  object space 68608K, 92% used [0x00000000c0000000,0x00000000c3de0940,0x00000000c4300000)
 Metaspace       used 67366K, committed 68480K, reserved 1114112K
  class space    used 8146K, committed 8640K, reserved 1048576K
}
Event: 63.308 GC heap before
{Heap before GC invocations=48 (full 3):
 PSYoungGen      total 26112K, used 25667K [0x00000000eab00000, 0x00000000ecb80000, 0x0000000100000000)
  eden space 22016K, 100% used [0x00000000eab00000,0x00000000ec080000,0x00000000ec080000)
  from space 4096K, 89% used [0x00000000ec780000,0x00000000ecb10c18,0x00000000ecb80000)
  to   space 4608K, 0% used [0x00000000ec280000,0x00000000ec280000,0x00000000ec700000)
 ParOldGen       total 68608K, used 63362K [0x00000000c0000000, 0x00000000c4300000, 0x00000000eab00000)
  object space 68608K, 92% used [0x00000000c0000000,0x00000000c3de0940,0x00000000c4300000)
 Metaspace       used 67406K, committed 68608K, reserved 1114112K
  class space    used 8151K, committed 8704K, reserved 1048576K
}
Event: 63.312 GC heap after
{Heap after GC invocations=48 (full 3):
 PSYoungGen      total 24064K, used 1952K [0x00000000eab00000, 0x00000000ec800000, 0x0000000100000000)
  eden space 22016K, 0% used [0x00000000eab00000,0x00000000eab00000,0x00000000ec080000)
  from space 2048K, 95% used [0x00000000ec280000,0x00000000ec468000,0x00000000ec480000)
  to   space 3072K, 0% used [0x00000000ec500000,0x00000000ec500000,0x00000000ec800000)
 ParOldGen       total 68608K, used 65942K [0x00000000c0000000, 0x00000000c4300000, 0x00000000eab00000)
  object space 68608K, 96% used [0x00000000c0000000,0x00000000c40659a8,0x00000000c4300000)
 Metaspace       used 67406K, committed 68608K, reserved 1114112K
  class space    used 8151K, committed 8704K, reserved 1048576K
}
Event: 63.312 GC heap before
{Heap before GC invocations=49 (full 4):
 PSYoungGen      total 24064K, used 1952K [0x00000000eab00000, 0x00000000ec800000, 0x0000000100000000)
  eden space 22016K, 0% used [0x00000000eab00000,0x00000000eab00000,0x00000000ec080000)
  from space 2048K, 95% used [0x00000000ec280000,0x00000000ec468000,0x00000000ec480000)
  to   space 3072K, 0% used [0x00000000ec500000,0x00000000ec500000,0x00000000ec800000)
 ParOldGen       total 68608K, used 65942K [0x00000000c0000000, 0x00000000c4300000, 0x00000000eab00000)
  object space 68608K, 96% used [0x00000000c0000000,0x00000000c40659a8,0x00000000c4300000)
 Metaspace       used 67406K, committed 68608K, reserved 1114112K
  class space    used 8151K, committed 8704K, reserved 1048576K
}
Event: 63.555 GC heap after
{Heap after GC invocations=49 (full 4):
 PSYoungGen      total 23552K, used 0K [0x00000000eab00000, 0x00000000ec680000, 0x0000000100000000)
  eden space 22016K, 0% used [0x00000000eab00000,0x00000000eab00000,0x00000000ec080000)
  from space 1536K, 0% used [0x00000000ec500000,0x00000000ec500000,0x00000000ec680000)
  to   space 3072K, 0% used [0x00000000ec080000,0x00000000ec080000,0x00000000ec380000)
 ParOldGen       total 89600K, used 61390K [0x00000000c0000000, 0x00000000c5780000, 0x00000000eab00000)
  object space 89600K, 68% used [0x00000000c0000000,0x00000000c3bf38f0,0x00000000c5780000)
 Metaspace       used 67406K, committed 68608K, reserved 1114112K
  class space    used 8151K, committed 8704K, reserved 1048576K
}
Event: 64.724 GC heap before
{Heap before GC invocations=50 (full 4):
 PSYoungGen      total 23552K, used 22016K [0x00000000eab00000, 0x00000000ec680000, 0x0000000100000000)
  eden space 22016K, 100% used [0x00000000eab00000,0x00000000ec080000,0x00000000ec080000)
  from space 1536K, 0% used [0x00000000ec500000,0x00000000ec500000,0x00000000ec680000)
  to   space 3072K, 0% used [0x00000000ec080000,0x00000000ec080000,0x00000000ec380000)
 ParOldGen       total 89600K, used 61390K [0x00000000c0000000, 0x00000000c5780000, 0x00000000eab00000)
  object space 89600K, 68% used [0x00000000c0000000,0x00000000c3bf38f0,0x00000000c5780000)
 Metaspace       used 67479K, committed 68672K, reserved 1114112K
  class space    used 8161K, committed 8704K, reserved 1048576K
}
Event: 64.726 GC heap after
{Heap after GC invocations=50 (full 4):
 PSYoungGen      total 24576K, used 1696K [0x00000000eab00000, 0x00000000ec580000, 0x0000000100000000)
  eden space 21504K, 0% used [0x00000000eab00000,0x00000000eab00000,0x00000000ec000000)
  from space 3072K, 55% used [0x00000000ec080000,0x00000000ec228000,0x00000000ec380000)
  to   space 2048K, 0% used [0x00000000ec380000,0x00000000ec380000,0x00000000ec580000)
 ParOldGen       total 89600K, used 61398K [0x00000000c0000000, 0x00000000c5780000, 0x00000000eab00000)
  object space 89600K, 68% used [0x00000000c0000000,0x00000000c3bf58f0,0x00000000c5780000)
 Metaspace       used 67479K, committed 68672K, reserved 1114112K
  class space    used 8161K, committed 8704K, reserved 1048576K
}
Event: 66.206 GC heap before
{Heap before GC invocations=51 (full 4):
 PSYoungGen      total 24576K, used 23200K [0x00000000eab00000, 0x00000000ec580000, 0x0000000100000000)
  eden space 21504K, 100% used [0x00000000eab00000,0x00000000ec000000,0x00000000ec000000)
  from space 3072K, 55% used [0x00000000ec080000,0x00000000ec228000,0x00000000ec380000)
  to   space 2048K, 0% used [0x00000000ec380000,0x00000000ec380000,0x00000000ec580000)
 ParOldGen       total 89600K, used 61398K [0x00000000c0000000, 0x00000000c5780000, 0x00000000eab00000)
  object space 89600K, 68% used [0x00000000c0000000,0x00000000c3bf58f0,0x00000000c5780000)
 Metaspace       used 68599K, committed 69888K, reserved 1114112K
  class space    used 8305K, committed 8896K, reserved 1048576K
}
Event: 66.211 GC heap after
{Heap after GC invocations=51 (full 4):
 PSYoungGen      total 23552K, used 2036K [0x00000000eab00000, 0x00000000ec700000, 0x0000000100000000)
  eden space 21504K, 0% used [0x00000000eab00000,0x00000000eab00000,0x00000000ec000000)
  from space 2048K, 99% used [0x00000000ec380000,0x00000000ec57d150,0x00000000ec580000)
  to   space 3584K, 0% used [0x00000000ec000000,0x00000000ec000000,0x00000000ec380000)
 ParOldGen       total 89600K, used 62478K [0x00000000c0000000, 0x00000000c5780000, 0x00000000eab00000)
  object space 89600K, 69% used [0x00000000c0000000,0x00000000c3d038f0,0x00000000c5780000)
 Metaspace       used 68599K, committed 69888K, reserved 1114112K
  class space    used 8305K, committed 8896K, reserved 1048576K
}

