# JRE version: Java(TM) SE Runtime Environment (11.0.6+8) (build 11.0.6+8-LTS)
# Java VM: Java HotSpot(TM) 64-Bit Server VM (11.0.6+8-LTS, mixed mode, tiered, compressed oops, g1 gc, windows-amd64)
Heap:
 garbage-first heap   total 363520K, used 160468K [0x00000000a0000000, 0x0000000100000000)
  region size 1024K, 25 young (25600K), 13 survivors (13312K)
 Metaspace       used 105176K, capacity 108609K, committed 108876K, reserved 1142784K
  class space    used 13701K, capacity 14907K, committed 14976K, reserved 1048576K
GC Heap History (10 events):
Event: 49.247 GC heap before
{Heap before GC invocations=87 (full 0):
 garbage-first heap   total 265216K, used 227184K [0x00000000a0000000, 0x0000000100000000)
  region size 1024K, 24 young (24576K), 3 survivors (3072K)
 Metaspace       used 101832K, capacity 104966K, committed 105036K, reserved 1140736K
  class space    used 13313K, capacity 14448K, committed 14464K, reserved 1048576K
}
Event: 49.254 GC heap after
{Heap after GC invocations=88 (full 0):
 garbage-first heap   total 265216K, used 209387K [0x00000000a0000000, 0x0000000100000000)
  region size 1024K, 3 young (3072K), 3 survivors (3072K)
 Metaspace       used 101832K, capacity 104966K, committed 105036K, reserved 1140736K
  class space    used 13313K, capacity 14448K, committed 14464K, reserved 1048576K
}
Event: 51.364 GC heap before
{Heap before GC invocations=89 (full 0):
 garbage-first heap   total 265216K, used 228843K [0x00000000a0000000, 0x0000000100000000)
  region size 1024K, 23 young (23552K), 3 survivors (3072K)
 Metaspace       used 103364K, capacity 106615K, committed 106828K, reserved 1140736K
  class space    used 13507K, capacity 14683K, committed 14720K, reserved 1048576K
}
Event: 51.399 GC heap after
{Heap after GC invocations=90 (full 0):
 garbage-first heap   total 265216K, used 212185K [0x00000000a0000000, 0x0000000100000000)
  region size 1024K, 3 young (3072K), 3 survivors (3072K)
 Metaspace       used 103364K, capacity 106615K, committed 106828K, reserved 1140736K
  class space    used 13507K, capacity 14683K, committed 14720K, reserved 1048576K
}
Event: 51.556 GC heap before
{Heap before GC invocations=90 (full 0):
 garbage-first heap   total 265216K, used 229593K [0x00000000a0000000, 0x0000000100000000)
  region size 1024K, 21 young (21504K), 3 survivors (3072K)
 Metaspace       used 103561K, capacity 106752K, committed 106828K, reserved 1140736K
  class space    used 13535K, capacity 14685K, committed 14720K, reserved 1048576K
}
Event: 51.561 GC heap after
{Heap after GC invocations=91 (full 0):
 garbage-first heap   total 265216K, used 212476K [0x00000000a0000000, 0x0000000100000000)
  region size 1024K, 1 young (1024K), 1 survivors (1024K)
 Metaspace       used 103561K, capacity 106752K, committed 106828K, reserved 1140736K
  class space    used 13535K, capacity 14685K, committed 14720K, reserved 1048576K
}
Event: 53.994 GC heap before
{Heap before GC invocations=92 (full 0):
 garbage-first heap   total 363520K, used 326140K [0x00000000a0000000, 0x0000000100000000)
  region size 1024K, 20 young (20480K), 1 survivors (1024K)
 Metaspace       used 104198K, capacity 107480K, committed 107724K, reserved 1142784K
  class space    used 13637K, capacity 14798K, committed 14848K, reserved 1048576K
}
Event: 53.997 GC heap after
{Heap after GC invocations=93 (full 0):
 garbage-first heap   total 363520K, used 135413K [0x00000000a0000000, 0x0000000100000000)
  region size 1024K, 2 young (2048K), 2 survivors (2048K)
 Metaspace       used 104198K, capacity 107480K, committed 107724K, reserved 1142784K
  class space    used 13637K, capacity 14798K, committed 14848K, reserved 1048576K
}
Event: 145.491 GC heap before
{Heap before GC invocations=93 (full 0):
 garbage-first heap   total 363520K, used 238837K [0x00000000a0000000, 0x0000000100000000)
  region size 1024K, 104 young (106496K), 2 survivors (2048K)
 Metaspace       used 105161K, capacity 108606K, committed 108876K, reserved 1142784K
  class space    used 13700K, capacity 14906K, committed 14976K, reserved 1048576K
}
Event: 145.624 GC heap after
{Heap after GC invocations=94 (full 0):
 garbage-first heap   total 363520K, used 149204K [0x00000000a0000000, 0x0000000100000000)
  region size 1024K, 13 young (13312K), 13 survivors (13312K)
 Metaspace       used 105161K, capacity 108606K, committed 108876K, reserved 1142784K
  class space    used 13700K, capacity 14906K, committed 14976K, reserved 1048576K
}

